build/app/intermediates/manifest_merge_blame_file/debug/manifest-merger-blame-debug-report.txt
1<?xml version="1.0" encoding="utf-8"?>
2<manifest xmlns:android="http://schemas.android.com/apk/res/android"
3    package="vn.loctroi.canluaexternal"
4    android:versionCode="2"
5    android:versionName="1.0.0" >
6
7    <uses-sdk
8        android:minSdkVersion="22"
9        android:targetSdkVersion="33" />
10    <!--
11         The INTERNET permission is required for development. Specifically,
12         the Flutter tool needs it to communicate with the running application
13         to allow setting breakpoints, to provide hot reload, etc.
14    -->
15    <uses-permission android:name="android.permission.INTERNET" />
15-->src/debug/AndroidManifest.xml:7:5-66
15-->src/debug/AndroidManifest.xml:7:22-64
16    <uses-permission android:name="android.permission.ACCESS_NETWORK_STATE" />
16-->[com.google.android.gms:play-services-measurement-api:21.5.0] AndroidManifest.xml:23:5-79
16-->[com.google.android.gms:play-services-measurement-api:21.5.0] AndroidManifest.xml:23:22-76
17    <uses-permission android:name="android.permission.WAKE_LOCK" />
17-->[com.google.android.gms:play-services-measurement-api:21.5.0] AndroidManifest.xml:24:5-68
17-->[com.google.android.gms:play-services-measurement-api:21.5.0] AndroidManifest.xml:24:22-65
18    <uses-permission android:name="com.google.android.gms.permission.AD_ID" />
18-->[com.google.android.gms:play-services-measurement-api:21.5.0] AndroidManifest.xml:25:5-79
18-->[com.google.android.gms:play-services-measurement-api:21.5.0] AndroidManifest.xml:25:22-76
19    <uses-permission android:name="android.permission.ACCESS_ADSERVICES_ATTRIBUTION" />
19-->[com.google.android.gms:play-services-measurement-api:21.5.0] AndroidManifest.xml:26:5-88
19-->[com.google.android.gms:play-services-measurement-api:21.5.0] AndroidManifest.xml:26:22-85
20    <uses-permission android:name="android.permission.ACCESS_ADSERVICES_AD_ID" />
20-->[com.google.android.gms:play-services-measurement-api:21.5.0] AndroidManifest.xml:27:5-82
20-->[com.google.android.gms:play-services-measurement-api:21.5.0] AndroidManifest.xml:27:22-79
21    <uses-permission android:name="com.google.android.finsky.permission.BIND_GET_INSTALL_REFERRER_SERVICE" />
21-->[com.google.android.gms:play-services-measurement:21.5.0] AndroidManifest.xml:26:5-110
21-->[com.google.android.gms:play-services-measurement:21.5.0] AndroidManifest.xml:26:22-107
22
23    <permission
23-->[androidx.core:core:1.10.1] AndroidManifest.xml:22:5-24:47
24        android:name="vn.loctroi.canluaexternal.DYNAMIC_RECEIVER_NOT_EXPORTED_PERMISSION"
24-->[androidx.core:core:1.10.1] AndroidManifest.xml:23:9-81
25        android:protectionLevel="signature" />
25-->[androidx.core:core:1.10.1] AndroidManifest.xml:24:9-44
26
27    <uses-permission android:name="vn.loctroi.canluaexternal.DYNAMIC_RECEIVER_NOT_EXPORTED_PERMISSION" />
27-->[androidx.core:core:1.10.1] AndroidManifest.xml:26:5-97
27-->[androidx.core:core:1.10.1] AndroidManifest.xml:26:22-94
28
29    <application
30        android:name="android.app.Application"
31        android:appComponentFactory="androidx.core.app.CoreComponentFactory"
31-->[androidx.core:core:1.10.1] AndroidManifest.xml:28:18-86
32        android:debuggable="true"
33        android:icon="@mipmap/launcher_icon"
34        android:label="Cân lúa nông dân - LTG" >
35        <activity
36            android:name="vn.loctroi.canluaexternal.MainActivity"
37            android:configChanges="orientation|keyboardHidden|keyboard|screenSize|smallestScreenSize|locale|layoutDirection|fontScale|screenLayout|density|uiMode"
38            android:exported="true"
39            android:hardwareAccelerated="true"
40            android:launchMode="singleTop"
41            android:theme="@style/LaunchTheme"
42            android:windowSoftInputMode="adjustResize" >
43
44            <!--
45                 Specifies an Android theme to apply to this Activity as soon as
46                 the Android process has started. This theme is visible to the user
47                 while the Flutter UI initializes. After that, this theme continues
48                 to determine the Window background behind the Flutter UI.
49            -->
50            <meta-data
51                android:name="io.flutter.embedding.android.NormalTheme"
52                android:resource="@style/NormalTheme" />
53
54            <intent-filter>
55                <action android:name="android.intent.action.MAIN" />
56
57                <category android:name="android.intent.category.LAUNCHER" />
58            </intent-filter>
59        </activity>
60        <!--
61             Don't delete the meta-data below.
62             This is used by the Flutter tool to generate GeneratedPluginRegistrant.java
63        -->
64        <meta-data
65            android:name="flutterEmbedding"
66            android:value="2" />
67
68        <service
68-->[:firebase_auth] AndroidManifest.xml:10:9-14:19
69            android:name="com.google.firebase.components.ComponentDiscoveryService"
69-->[:firebase_auth] AndroidManifest.xml:10:18-89
70            android:directBootAware="true"
70-->[com.google.firebase:firebase-common:20.4.2] AndroidManifest.xml:32:13-43
71            android:exported="false" >
71-->[com.google.android.gms:play-services-measurement-api:21.5.0] AndroidManifest.xml:36:13-37
72            <meta-data
72-->[:firebase_auth] AndroidManifest.xml:11:13-13:85
73                android:name="com.google.firebase.components:io.flutter.plugins.firebase.auth.FlutterFirebaseAuthRegistrar"
73-->[:firebase_auth] AndroidManifest.xml:12:17-124
74                android:value="com.google.firebase.components.ComponentRegistrar" />
74-->[:firebase_auth] AndroidManifest.xml:13:17-82
75            <meta-data
75-->[:firebase_core] AndroidManifest.xml:11:13-13:85
76                android:name="com.google.firebase.components:io.flutter.plugins.firebase.core.FlutterFirebaseCoreRegistrar"
76-->[:firebase_core] AndroidManifest.xml:12:17-124
77                android:value="com.google.firebase.components.ComponentRegistrar" />
77-->[:firebase_core] AndroidManifest.xml:13:17-82
78            <meta-data
78-->[com.google.android.gms:play-services-measurement-api:21.5.0] AndroidManifest.xml:37:13-39:85
79                android:name="com.google.firebase.components:com.google.firebase.analytics.connector.internal.AnalyticsConnectorRegistrar"
79-->[com.google.android.gms:play-services-measurement-api:21.5.0] AndroidManifest.xml:38:17-139
80                android:value="com.google.firebase.components.ComponentRegistrar" />
80-->[com.google.android.gms:play-services-measurement-api:21.5.0] AndroidManifest.xml:39:17-82
81            <meta-data
81-->[com.google.firebase:firebase-auth:22.3.0] AndroidManifest.xml:69:13-71:85
82                android:name="com.google.firebase.components:com.google.firebase.auth.FirebaseAuthRegistrar"
82-->[com.google.firebase:firebase-auth:22.3.0] AndroidManifest.xml:70:17-109
83                android:value="com.google.firebase.components.ComponentRegistrar" />
83-->[com.google.firebase:firebase-auth:22.3.0] AndroidManifest.xml:71:17-82
84            <meta-data
84-->[com.google.firebase:firebase-installations:17.2.0] AndroidManifest.xml:15:13-17:85
85                android:name="com.google.firebase.components:com.google.firebase.installations.FirebaseInstallationsKtxRegistrar"
85-->[com.google.firebase:firebase-installations:17.2.0] AndroidManifest.xml:16:17-130
86                android:value="com.google.firebase.components.ComponentRegistrar" />
86-->[com.google.firebase:firebase-installations:17.2.0] AndroidManifest.xml:17:17-82
87            <meta-data
87-->[com.google.firebase:firebase-installations:17.2.0] AndroidManifest.xml:18:13-20:85
88                android:name="com.google.firebase.components:com.google.firebase.installations.FirebaseInstallationsRegistrar"
88-->[com.google.firebase:firebase-installations:17.2.0] AndroidManifest.xml:19:17-127
89                android:value="com.google.firebase.components.ComponentRegistrar" />
89-->[com.google.firebase:firebase-installations:17.2.0] AndroidManifest.xml:20:17-82
90            <meta-data
90-->[com.google.firebase:firebase-common-ktx:20.4.2] AndroidManifest.xml:12:13-14:85
91                android:name="com.google.firebase.components:com.google.firebase.ktx.FirebaseCommonLegacyRegistrar"
91-->[com.google.firebase:firebase-common-ktx:20.4.2] AndroidManifest.xml:13:17-116
92                android:value="com.google.firebase.components.ComponentRegistrar" />
92-->[com.google.firebase:firebase-common-ktx:20.4.2] AndroidManifest.xml:14:17-82
93            <meta-data
93-->[com.google.firebase:firebase-common:20.4.2] AndroidManifest.xml:35:13-37:85
94                android:name="com.google.firebase.components:com.google.firebase.FirebaseCommonKtxRegistrar"
94-->[com.google.firebase:firebase-common:20.4.2] AndroidManifest.xml:36:17-109
95                android:value="com.google.firebase.components.ComponentRegistrar" />
95-->[com.google.firebase:firebase-common:20.4.2] AndroidManifest.xml:37:17-82
96        </service>
97
98        <activity
98-->[:url_launcher_android] AndroidManifest.xml:10:9-13:74
99            android:name="io.flutter.plugins.urllauncher.WebViewActivity"
99-->[:url_launcher_android] AndroidManifest.xml:11:13-74
100            android:exported="false"
100-->[:url_launcher_android] AndroidManifest.xml:12:13-37
101            android:theme="@android:style/Theme.NoTitleBar.Fullscreen" />
101-->[:url_launcher_android] AndroidManifest.xml:13:13-71
102
103        <property
103-->[com.google.android.gms:play-services-measurement-api:21.5.0] AndroidManifest.xml:30:9-32:61
104            android:name="android.adservices.AD_SERVICES_CONFIG"
104-->[com.google.android.gms:play-services-measurement-api:21.5.0] AndroidManifest.xml:31:13-65
105            android:resource="@xml/ga_ad_services_config" />
105-->[com.google.android.gms:play-services-measurement-api:21.5.0] AndroidManifest.xml:32:13-58
106
107        <activity
107-->[com.google.firebase:firebase-auth:22.3.0] AndroidManifest.xml:29:9-46:20
108            android:name="com.google.firebase.auth.internal.GenericIdpActivity"
108-->[com.google.firebase:firebase-auth:22.3.0] AndroidManifest.xml:30:13-80
109            android:excludeFromRecents="true"
109-->[com.google.firebase:firebase-auth:22.3.0] AndroidManifest.xml:31:13-46
110            android:exported="true"
110-->[com.google.firebase:firebase-auth:22.3.0] AndroidManifest.xml:32:13-36
111            android:launchMode="singleTask"
111-->[com.google.firebase:firebase-auth:22.3.0] AndroidManifest.xml:33:13-44
112            android:theme="@android:style/Theme.Translucent.NoTitleBar" >
112-->[com.google.firebase:firebase-auth:22.3.0] AndroidManifest.xml:34:13-72
113            <intent-filter>
113-->[com.google.firebase:firebase-auth:22.3.0] AndroidManifest.xml:35:13-45:29
114                <action android:name="android.intent.action.VIEW" />
114-->[com.google.firebase:firebase-auth:22.3.0] AndroidManifest.xml:36:17-69
114-->[com.google.firebase:firebase-auth:22.3.0] AndroidManifest.xml:36:25-66
115
116                <category android:name="android.intent.category.DEFAULT" />
116-->[com.google.firebase:firebase-auth:22.3.0] AndroidManifest.xml:38:17-76
116-->[com.google.firebase:firebase-auth:22.3.0] AndroidManifest.xml:38:27-73
117                <category android:name="android.intent.category.BROWSABLE" />
117-->[com.google.firebase:firebase-auth:22.3.0] AndroidManifest.xml:39:17-78
117-->[com.google.firebase:firebase-auth:22.3.0] AndroidManifest.xml:39:27-75
118
119                <data
119-->[com.google.firebase:firebase-auth:22.3.0] AndroidManifest.xml:41:17-44:51
120                    android:host="firebase.auth"
120-->[com.google.firebase:firebase-auth:22.3.0] AndroidManifest.xml:42:21-49
121                    android:path="/"
121-->[com.google.firebase:firebase-auth:22.3.0] AndroidManifest.xml:43:21-37
122                    android:scheme="genericidp" />
122-->[com.google.firebase:firebase-auth:22.3.0] AndroidManifest.xml:44:21-48
123            </intent-filter>
124        </activity>
125        <activity
125-->[com.google.firebase:firebase-auth:22.3.0] AndroidManifest.xml:47:9-64:20
126            android:name="com.google.firebase.auth.internal.RecaptchaActivity"
126-->[com.google.firebase:firebase-auth:22.3.0] AndroidManifest.xml:48:13-79
127            android:excludeFromRecents="true"
127-->[com.google.firebase:firebase-auth:22.3.0] AndroidManifest.xml:49:13-46
128            android:exported="true"
128-->[com.google.firebase:firebase-auth:22.3.0] AndroidManifest.xml:50:13-36
129            android:launchMode="singleTask"
129-->[com.google.firebase:firebase-auth:22.3.0] AndroidManifest.xml:51:13-44
130            android:theme="@android:style/Theme.Translucent.NoTitleBar" >
130-->[com.google.firebase:firebase-auth:22.3.0] AndroidManifest.xml:52:13-72
131            <intent-filter>
131-->[com.google.firebase:firebase-auth:22.3.0] AndroidManifest.xml:53:13-63:29
132                <action android:name="android.intent.action.VIEW" />
132-->[com.google.firebase:firebase-auth:22.3.0] AndroidManifest.xml:36:17-69
132-->[com.google.firebase:firebase-auth:22.3.0] AndroidManifest.xml:36:25-66
133
134                <category android:name="android.intent.category.DEFAULT" />
134-->[com.google.firebase:firebase-auth:22.3.0] AndroidManifest.xml:38:17-76
134-->[com.google.firebase:firebase-auth:22.3.0] AndroidManifest.xml:38:27-73
135                <category android:name="android.intent.category.BROWSABLE" />
135-->[com.google.firebase:firebase-auth:22.3.0] AndroidManifest.xml:39:17-78
135-->[com.google.firebase:firebase-auth:22.3.0] AndroidManifest.xml:39:27-75
136
137                <data
137-->[com.google.firebase:firebase-auth:22.3.0] AndroidManifest.xml:41:17-44:51
138                    android:host="firebase.auth"
138-->[com.google.firebase:firebase-auth:22.3.0] AndroidManifest.xml:42:21-49
139                    android:path="/"
139-->[com.google.firebase:firebase-auth:22.3.0] AndroidManifest.xml:43:21-37
140                    android:scheme="recaptcha" />
140-->[com.google.firebase:firebase-auth:22.3.0] AndroidManifest.xml:44:21-48
141            </intent-filter>
142        </activity>
143
144        <receiver
144-->[com.google.android.gms:play-services-measurement:21.5.0] AndroidManifest.xml:29:9-33:20
145            android:name="com.google.android.gms.measurement.AppMeasurementReceiver"
145-->[com.google.android.gms:play-services-measurement:21.5.0] AndroidManifest.xml:30:13-85
146            android:enabled="true"
146-->[com.google.android.gms:play-services-measurement:21.5.0] AndroidManifest.xml:31:13-35
147            android:exported="false" >
147-->[com.google.android.gms:play-services-measurement:21.5.0] AndroidManifest.xml:32:13-37
148        </receiver>
149
150        <service
150-->[com.google.android.gms:play-services-measurement:21.5.0] AndroidManifest.xml:35:9-38:40
151            android:name="com.google.android.gms.measurement.AppMeasurementService"
151-->[com.google.android.gms:play-services-measurement:21.5.0] AndroidManifest.xml:36:13-84
152            android:enabled="true"
152-->[com.google.android.gms:play-services-measurement:21.5.0] AndroidManifest.xml:37:13-35
153            android:exported="false" />
153-->[com.google.android.gms:play-services-measurement:21.5.0] AndroidManifest.xml:38:13-37
154        <service
154-->[com.google.android.gms:play-services-measurement:21.5.0] AndroidManifest.xml:39:9-43:72
155            android:name="com.google.android.gms.measurement.AppMeasurementJobService"
155-->[com.google.android.gms:play-services-measurement:21.5.0] AndroidManifest.xml:40:13-87
156            android:enabled="true"
156-->[com.google.android.gms:play-services-measurement:21.5.0] AndroidManifest.xml:41:13-35
157            android:exported="false"
157-->[com.google.android.gms:play-services-measurement:21.5.0] AndroidManifest.xml:42:13-37
158            android:permission="android.permission.BIND_JOB_SERVICE" />
158-->[com.google.android.gms:play-services-measurement:21.5.0] AndroidManifest.xml:43:13-69
159
160        <uses-library
160-->[androidx.privacysandbox.ads:ads-adservices:1.0.0-beta05] AndroidManifest.xml:23:9-25:40
161            android:name="android.ext.adservices"
161-->[androidx.privacysandbox.ads:ads-adservices:1.0.0-beta05] AndroidManifest.xml:24:13-50
162            android:required="false" />
162-->[androidx.privacysandbox.ads:ads-adservices:1.0.0-beta05] AndroidManifest.xml:25:13-37
163        <uses-library
163-->[androidx.window:window:1.0.0-beta04] AndroidManifest.xml:25:9-27:40
164            android:name="androidx.window.extensions"
164-->[androidx.window:window:1.0.0-beta04] AndroidManifest.xml:26:13-54
165            android:required="false" />
165-->[androidx.window:window:1.0.0-beta04] AndroidManifest.xml:27:13-37
166        <uses-library
166-->[androidx.window:window:1.0.0-beta04] AndroidManifest.xml:28:9-30:40
167            android:name="androidx.window.sidecar"
167-->[androidx.window:window:1.0.0-beta04] AndroidManifest.xml:29:13-51
168            android:required="false" />
168-->[androidx.window:window:1.0.0-beta04] AndroidManifest.xml:30:13-37
169
170        <provider
170-->[com.google.firebase:firebase-common:20.4.2] AndroidManifest.xml:23:9-28:39
171            android:name="com.google.firebase.provider.FirebaseInitProvider"
171-->[com.google.firebase:firebase-common:20.4.2] AndroidManifest.xml:24:13-77
172            android:authorities="vn.loctroi.canluaexternal.firebaseinitprovider"
172-->[com.google.firebase:firebase-common:20.4.2] AndroidManifest.xml:25:13-72
173            android:directBootAware="true"
173-->[com.google.firebase:firebase-common:20.4.2] AndroidManifest.xml:26:13-43
174            android:exported="false"
174-->[com.google.firebase:firebase-common:20.4.2] AndroidManifest.xml:27:13-37
175            android:initOrder="100" />
175-->[com.google.firebase:firebase-common:20.4.2] AndroidManifest.xml:28:13-36
176
177        <activity
177-->[com.google.android.gms:play-services-base:18.0.1] AndroidManifest.xml:20:9-22:45
178            android:name="com.google.android.gms.common.api.GoogleApiActivity"
178-->[com.google.android.gms:play-services-base:18.0.1] AndroidManifest.xml:20:19-85
179            android:exported="false"
179-->[com.google.android.gms:play-services-base:18.0.1] AndroidManifest.xml:22:19-43
180            android:theme="@android:style/Theme.Translucent.NoTitleBar" />
180-->[com.google.android.gms:play-services-base:18.0.1] AndroidManifest.xml:21:19-78
181
182        <meta-data
182-->[com.google.android.gms:play-services-basement:18.1.0] AndroidManifest.xml:21:9-23:69
183            android:name="com.google.android.gms.version"
183-->[com.google.android.gms:play-services-basement:18.1.0] AndroidManifest.xml:22:13-58
184            android:value="@integer/google_play_services_version" />
184-->[com.google.android.gms:play-services-basement:18.1.0] AndroidManifest.xml:23:13-66
185    </application>
186
187</manifest>